<?xml version="1.0" encoding="UTF-8"?>
<!-- Generated by org.testng.reporters.JUnitXMLReporter -->
<testsuite ignored="0" hostname="DESKTOP-1QE3F38" failures="0" tests="6" name="Default test" time="22.398" errors="0" timestamp="2023-07-03T14:59:06 IST">
  <testcase classname="demoqa.NewTest" name="alrt" time="1.932"/>
  <testcase classname="demoqa.NewTest" name="button" time="1.848"/>
  <testcase classname="demoqa.NewTest" name="drag" time="2.371"/>
  <testcase classname="demoqa.NewTest" name="dropdwn" time="2.088"/>
  <testcase classname="demoqa.NewTest" name="edit" time="2.542"/>
  <testcase classname="demoqa.NewTest" name="frme" time="3.105"/>
</testsuite> <!-- Default test -->
