<?xml version="1.0" encoding="UTF-8"?>
<testng-results ignored="0" total="6" passed="6" failed="0" skipped="0">
  <reporter-output>
  </reporter-output>
  <suite started-at="2023-07-03T14:58:44 IST" name="Default suite" finished-at="2023-07-03T14:59:06 IST" duration-ms="22398">
    <groups>
    </groups>
    <test started-at="2023-07-03T14:58:44 IST" name="Default test" finished-at="2023-07-03T14:59:06 IST" duration-ms="22398">
      <class name="demoqa.NewTest">
        <test-method is-config="true" signature="beforeMethod()[pri:0, instance:demoqa.NewTest@619713e5]" started-at="2023-07-03T14:58:44 IST" name="beforeMethod" finished-at="2023-07-03T14:58:45 IST" duration-ms="1783" status="PASS">
          <reporter-output>
          </reporter-output>
        </test-method> <!-- beforeMethod -->
        <test-method signature="alrt()[pri:0, instance:demoqa.NewTest@619713e5]" started-at="2023-07-03T14:58:45 IST" name="alrt" finished-at="2023-07-03T14:58:47 IST" duration-ms="1932" status="PASS">
          <reporter-output>
          </reporter-output>
        </test-method> <!-- alrt -->
        <test-method is-config="true" signature="afterMethod()[pri:0, instance:demoqa.NewTest@619713e5]" started-at="2023-07-03T14:58:47 IST" name="afterMethod" finished-at="2023-07-03T14:58:48 IST" duration-ms="126" status="PASS">
          <reporter-output>
          </reporter-output>
        </test-method> <!-- afterMethod -->
        <test-method is-config="true" signature="beforeMethod()[pri:0, instance:demoqa.NewTest@619713e5]" started-at="2023-07-03T14:58:48 IST" name="beforeMethod" finished-at="2023-07-03T14:58:49 IST" duration-ms="1257" status="PASS">
          <reporter-output>
          </reporter-output>
        </test-method> <!-- beforeMethod -->
        <test-method signature="button()[pri:0, instance:demoqa.NewTest@619713e5]" started-at="2023-07-03T14:58:49 IST" name="button" finished-at="2023-07-03T14:58:51 IST" duration-ms="1848" status="PASS">
          <reporter-output>
          </reporter-output>
        </test-method> <!-- button -->
        <test-method is-config="true" signature="afterMethod()[pri:0, instance:demoqa.NewTest@619713e5]" started-at="2023-07-03T14:58:51 IST" name="afterMethod" finished-at="2023-07-03T14:58:51 IST" duration-ms="181" status="PASS">
          <reporter-output>
          </reporter-output>
        </test-method> <!-- afterMethod -->
        <test-method is-config="true" signature="beforeMethod()[pri:0, instance:demoqa.NewTest@619713e5]" started-at="2023-07-03T14:58:51 IST" name="beforeMethod" finished-at="2023-07-03T14:58:52 IST" duration-ms="996" status="PASS">
          <reporter-output>
          </reporter-output>
        </test-method> <!-- beforeMethod -->
        <test-method signature="drag()[pri:0, instance:demoqa.NewTest@619713e5]" started-at="2023-07-03T14:58:52 IST" name="drag" finished-at="2023-07-03T14:58:54 IST" duration-ms="2371" status="PASS">
          <reporter-output>
          </reporter-output>
        </test-method> <!-- drag -->
        <test-method is-config="true" signature="afterMethod()[pri:0, instance:demoqa.NewTest@619713e5]" started-at="2023-07-03T14:58:54 IST" name="afterMethod" finished-at="2023-07-03T14:58:54 IST" duration-ms="182" status="PASS">
          <reporter-output>
          </reporter-output>
        </test-method> <!-- afterMethod -->
        <test-method is-config="true" signature="beforeMethod()[pri:0, instance:demoqa.NewTest@619713e5]" started-at="2023-07-03T14:58:54 IST" name="beforeMethod" finished-at="2023-07-03T14:58:56 IST" duration-ms="1275" status="PASS">
          <reporter-output>
          </reporter-output>
        </test-method> <!-- beforeMethod -->
        <test-method signature="dropdwn()[pri:0, instance:demoqa.NewTest@619713e5]" started-at="2023-07-03T14:58:56 IST" name="dropdwn" finished-at="2023-07-03T14:58:58 IST" duration-ms="2088" status="PASS">
          <reporter-output>
          </reporter-output>
        </test-method> <!-- dropdwn -->
        <test-method is-config="true" signature="afterMethod()[pri:0, instance:demoqa.NewTest@619713e5]" started-at="2023-07-03T14:58:58 IST" name="afterMethod" finished-at="2023-07-03T14:58:58 IST" duration-ms="190" status="PASS">
          <reporter-output>
          </reporter-output>
        </test-method> <!-- afterMethod -->
        <test-method is-config="true" signature="beforeMethod()[pri:0, instance:demoqa.NewTest@619713e5]" started-at="2023-07-03T14:58:58 IST" name="beforeMethod" finished-at="2023-07-03T14:58:59 IST" duration-ms="1093" status="PASS">
          <reporter-output>
          </reporter-output>
        </test-method> <!-- beforeMethod -->
        <test-method signature="edit()[pri:0, instance:demoqa.NewTest@619713e5]" started-at="2023-07-03T14:58:59 IST" name="edit" finished-at="2023-07-03T14:59:02 IST" duration-ms="2542" status="PASS">
          <reporter-output>
          </reporter-output>
        </test-method> <!-- edit -->
        <test-method is-config="true" signature="afterMethod()[pri:0, instance:demoqa.NewTest@619713e5]" started-at="2023-07-03T14:59:02 IST" name="afterMethod" finished-at="2023-07-03T14:59:02 IST" duration-ms="183" status="PASS">
          <reporter-output>
          </reporter-output>
        </test-method> <!-- afterMethod -->
        <test-method is-config="true" signature="beforeMethod()[pri:0, instance:demoqa.NewTest@619713e5]" started-at="2023-07-03T14:59:02 IST" name="beforeMethod" finished-at="2023-07-03T14:59:03 IST" duration-ms="1001" status="PASS">
          <reporter-output>
          </reporter-output>
        </test-method> <!-- beforeMethod -->
        <test-method signature="frme()[pri:0, instance:demoqa.NewTest@619713e5]" started-at="2023-07-03T14:59:03 IST" name="frme" finished-at="2023-07-03T14:59:06 IST" duration-ms="3105" status="PASS">
          <reporter-output>
          </reporter-output>
        </test-method> <!-- frme -->
        <test-method is-config="true" signature="afterMethod()[pri:0, instance:demoqa.NewTest@619713e5]" started-at="2023-07-03T14:59:06 IST" name="afterMethod" finished-at="2023-07-03T14:59:06 IST" duration-ms="191" status="PASS">
          <reporter-output>
          </reporter-output>
        </test-method> <!-- afterMethod -->
      </class> <!-- demoqa.NewTest -->
    </test> <!-- Default test -->
  </suite> <!-- Default suite -->
</testng-results>
